2022-01-19 15:15:45.304  INFO 10420 --- [restartedMain] f.killiandev.fuelapi.FuelapiApplication  : Starting FuelapiApplication using Java 15.0.2 on DESKTOP-B48NQ6N with PID 10420 (E:\WorkSpace\FuelAPI\target\classes started by Killian in E:\WorkSpace\FuelAPI)
2022-01-19 15:15:45.305  INFO 10420 --- [restartedMain] f.killiandev.fuelapi.FuelapiApplication  : No active profile set, falling back to default profiles: default
2022-01-19 15:15:45.348  INFO 10420 --- [restartedMain] .e.DevToolsPropertyDefaultsPostProcessor : Devtools property defaults active! Set 'spring.devtools.add-properties' to 'false' to disable
2022-01-19 15:15:45.349  INFO 10420 --- [restartedMain] .e.DevToolsPropertyDefaultsPostProcessor : For additional web related logging consider setting the 'logging.level.web' property to 'DEBUG'
2022-01-19 15:15:46.101  INFO 10420 --- [restartedMain] o.s.b.w.embedded.tomcat.TomcatWebServer  : Tomcat initialized with port(s): 8080 (http)
2022-01-19 15:15:46.108  INFO 10420 --- [restartedMain] o.apache.catalina.core.StandardService   : Starting service [Tomcat]
2022-01-19 15:15:46.109  INFO 10420 --- [restartedMain] org.apache.catalina.core.StandardEngine  : Starting Servlet engine: [Apache Tomcat/9.0.56]
2022-01-19 15:15:46.154  INFO 10420 --- [restartedMain] o.a.c.c.C.[Tomcat].[localhost].[/]       : Initializing Spring embedded WebApplicationContext
2022-01-19 15:15:46.155  INFO 10420 --- [restartedMain] w.s.c.ServletWebServerApplicationContext : Root WebApplicationContext: initialization completed in 804 ms
2022-01-19 15:15:46.530  INFO 10420 --- [restartedMain] o.s.b.d.a.OptionalLiveReloadServer       : LiveReload server is running on port 35729
2022-01-19 15:15:46.545  INFO 10420 --- [restartedMain] o.s.b.w.embedded.tomcat.TomcatWebServer  : Tomcat started on port(s): 8080 (http) with context path ''
2022-01-19 15:15:46.553  INFO 10420 --- [restartedMain] f.killiandev.fuelapi.FuelapiApplication  : Started FuelapiApplication in 1.53 seconds (JVM running for 2.471)
2022-01-19 15:17:16.501  INFO 10420 --- [http-nio-8080-exec-1] o.a.c.c.C.[Tomcat].[localhost].[/]       : Initializing Spring DispatcherServlet 'dispatcherServlet'
2022-01-19 15:17:16.501  INFO 10420 --- [http-nio-8080-exec-1] o.s.web.servlet.DispatcherServlet        : Initializing Servlet 'dispatcherServlet'
2022-01-19 15:17:16.502  INFO 10420 --- [http-nio-8080-exec-1] o.s.web.servlet.DispatcherServlet        : Completed initialization in 1 ms
2022-01-19 15:18:28.548  INFO 11796 --- [restartedMain] f.killiandev.fuelapi.FuelapiApplication  : Starting FuelapiApplication using Java 15.0.2 on DESKTOP-B48NQ6N with PID 11796 (E:\WorkSpace\FuelAPI\target\classes started by Killian in E:\WorkSpace\FuelAPI)
2022-01-19 15:18:28.549  INFO 11796 --- [restartedMain] f.killiandev.fuelapi.FuelapiApplication  : No active profile set, falling back to default profiles: default
2022-01-19 15:18:28.590  INFO 11796 --- [restartedMain] .e.DevToolsPropertyDefaultsPostProcessor : Devtools property defaults active! Set 'spring.devtools.add-properties' to 'false' to disable
2022-01-19 15:18:28.590  INFO 11796 --- [restartedMain] .e.DevToolsPropertyDefaultsPostProcessor : For additional web related logging consider setting the 'logging.level.web' property to 'DEBUG'
2022-01-19 15:18:29.233  INFO 11796 --- [restartedMain] o.s.b.w.embedded.tomcat.TomcatWebServer  : Tomcat initialized with port(s): 8080 (http)
2022-01-19 15:18:29.239  INFO 11796 --- [restartedMain] o.apache.catalina.core.StandardService   : Starting service [Tomcat]
2022-01-19 15:18:29.239  INFO 11796 --- [restartedMain] org.apache.catalina.core.StandardEngine  : Starting Servlet engine: [Apache Tomcat/9.0.56]
2022-01-19 15:18:29.279  INFO 11796 --- [restartedMain] o.a.c.c.C.[Tomcat].[localhost].[/]       : Initializing Spring embedded WebApplicationContext
2022-01-19 15:18:29.279  INFO 11796 --- [restartedMain] w.s.c.ServletWebServerApplicationContext : Root WebApplicationContext: initialization completed in 689 ms
2022-01-19 15:18:29.631  INFO 11796 --- [restartedMain] o.s.b.d.a.OptionalLiveReloadServer       : LiveReload server is running on port 35729
2022-01-19 15:18:29.645  INFO 11796 --- [restartedMain] o.s.b.w.embedded.tomcat.TomcatWebServer  : Tomcat started on port(s): 8080 (http) with context path ''
2022-01-19 15:18:29.652  INFO 11796 --- [restartedMain] f.killiandev.fuelapi.FuelapiApplication  : Started FuelapiApplication in 1.363 seconds (JVM running for 1.845)
2022-01-19 15:18:32.340  INFO 11796 --- [http-nio-8080-exec-1] o.a.c.c.C.[Tomcat].[localhost].[/]       : Initializing Spring DispatcherServlet 'dispatcherServlet'
2022-01-19 15:18:32.340  INFO 11796 --- [http-nio-8080-exec-1] o.s.web.servlet.DispatcherServlet        : Initializing Servlet 'dispatcherServlet'
2022-01-19 15:18:32.340  INFO 11796 --- [http-nio-8080-exec-1] o.s.web.servlet.DispatcherServlet        : Completed initialization in 0 ms
2022-01-19 15:18:32.362  INFO 11796 --- [task-1] fr.killiandev.fuelapi.fuel.FuelService   : Send request to: https://public.opendatasoft.com/api/records/1.0/search/?geofilter.distance=43.4406829.1.2286827.10000&sort=update&dataset=prix_des_carburants_j_7
2022-01-19 15:19:13.656  INFO 14440 --- [restartedMain] f.killiandev.fuelapi.FuelapiApplication  : Starting FuelapiApplication using Java 15.0.2 on DESKTOP-B48NQ6N with PID 14440 (E:\WorkSpace\FuelAPI\target\classes started by Killian in E:\WorkSpace\FuelAPI)
2022-01-19 15:19:13.657  INFO 14440 --- [restartedMain] f.killiandev.fuelapi.FuelapiApplication  : No active profile set, falling back to default profiles: default
2022-01-19 15:19:13.718  INFO 14440 --- [restartedMain] .e.DevToolsPropertyDefaultsPostProcessor : Devtools property defaults active! Set 'spring.devtools.add-properties' to 'false' to disable
2022-01-19 15:19:13.718  INFO 14440 --- [restartedMain] .e.DevToolsPropertyDefaultsPostProcessor : For additional web related logging consider setting the 'logging.level.web' property to 'DEBUG'
2022-01-19 15:19:14.411  INFO 14440 --- [restartedMain] o.s.b.w.embedded.tomcat.TomcatWebServer  : Tomcat initialized with port(s): 8080 (http)
2022-01-19 15:19:14.416  INFO 14440 --- [restartedMain] o.apache.catalina.core.StandardService   : Starting service [Tomcat]
2022-01-19 15:19:14.417  INFO 14440 --- [restartedMain] org.apache.catalina.core.StandardEngine  : Starting Servlet engine: [Apache Tomcat/9.0.56]
2022-01-19 15:19:14.455  INFO 14440 --- [restartedMain] o.a.c.c.C.[Tomcat].[localhost].[/]       : Initializing Spring embedded WebApplicationContext
2022-01-19 15:19:14.456  INFO 14440 --- [restartedMain] w.s.c.ServletWebServerApplicationContext : Root WebApplicationContext: initialization completed in 738 ms
2022-01-19 15:19:14.816  INFO 14440 --- [restartedMain] o.s.b.d.a.OptionalLiveReloadServer       : LiveReload server is running on port 35729
2022-01-19 15:19:14.831  INFO 14440 --- [restartedMain] o.s.b.w.embedded.tomcat.TomcatWebServer  : Tomcat started on port(s): 8080 (http) with context path ''
2022-01-19 15:19:14.838  INFO 14440 --- [restartedMain] f.killiandev.fuelapi.FuelapiApplication  : Started FuelapiApplication in 1.472 seconds (JVM running for 1.891)
2022-01-19 15:19:18.188  INFO 14440 --- [http-nio-8080-exec-1] o.a.c.c.C.[Tomcat].[localhost].[/]       : Initializing Spring DispatcherServlet 'dispatcherServlet'
2022-01-19 15:19:18.188  INFO 14440 --- [http-nio-8080-exec-1] o.s.web.servlet.DispatcherServlet        : Initializing Servlet 'dispatcherServlet'
2022-01-19 15:19:18.189  INFO 14440 --- [http-nio-8080-exec-1] o.s.web.servlet.DispatcherServlet        : Completed initialization in 0 ms
2022-01-19 15:19:18.210  INFO 14440 --- [task-1] fr.killiandev.fuelapi.fuel.FuelService   : Send request to: https://public.opendatasoft.com/api/records/1.0/search/?geofilter.distance=43.4406829,1.2286827,10000&sort=update&dataset=prix_des_carburants_j_7
2022-01-19 15:20:16.202 ERROR 14440 --- [http-nio-8080-exec-4] o.a.c.c.C.[.[.[/].[dispatcherServlet]    : Servlet.service() for servlet [dispatcherServlet] threw exception

fr.killiandev.fuelapi.exception.BaseException: La distance de recherche est trop élevée
	at fr.killiandev.fuelapi.fuel.impl.FuelServiceImpl.getFuelInformation(FuelServiceImpl.java:42) ~[classes/:na]
	at java.base/jdk.internal.reflect.NativeMethodAccessorImpl.invoke0(Native Method) ~[na:na]
	at java.base/jdk.internal.reflect.NativeMethodAccessorImpl.invoke(NativeMethodAccessorImpl.java:64) ~[na:na]
	at java.base/jdk.internal.reflect.DelegatingMethodAccessorImpl.invoke(DelegatingMethodAccessorImpl.java:43) ~[na:na]
	at java.base/java.lang.reflect.Method.invoke(Method.java:564) ~[na:na]
	at org.springframework.aop.support.AopUtils.invokeJoinpointUsingReflection(AopUtils.java:344) ~[spring-aop-5.3.14.jar:5.3.14]
	at org.springframework.aop.framework.ReflectiveMethodInvocation.invokeJoinpoint(ReflectiveMethodInvocation.java:198) ~[spring-aop-5.3.14.jar:5.3.14]
	at org.springframework.aop.framework.ReflectiveMethodInvocation.proceed(ReflectiveMethodInvocation.java:163) ~[spring-aop-5.3.14.jar:5.3.14]
	at org.springframework.aop.interceptor.AsyncExecutionInterceptor.lambda$invoke$0(AsyncExecutionInterceptor.java:115) ~[spring-aop-5.3.14.jar:5.3.14]
	at org.springframework.aop.interceptor.AsyncExecutionAspectSupport.lambda$doSubmit$3(AsyncExecutionAspectSupport.java:276) ~[spring-aop-5.3.14.jar:5.3.14]
	at java.base/java.util.concurrent.CompletableFuture$AsyncSupply.run(CompletableFuture.java:1764) ~[na:na]
	at java.base/java.util.concurrent.ThreadPoolExecutor.runWorker(ThreadPoolExecutor.java:1130) ~[na:na]
	at java.base/java.util.concurrent.ThreadPoolExecutor$Worker.run(ThreadPoolExecutor.java:630) ~[na:na]
	at java.base/java.lang.Thread.run(Thread.java:832) ~[na:na]

2022-01-19 15:20:16.202 ERROR 14440 --- [http-nio-8080-exec-4] o.a.c.c.C.[.[.[/].[dispatcherServlet]    : Servlet.service() for servlet [dispatcherServlet] in context with path [] threw exception [Request processing failed; nested exception is fr.killiandev.fuelapi.exception.BaseException: La distance de recherche est trop élevée] with root cause

fr.killiandev.fuelapi.exception.BaseException: La distance de recherche est trop élevée
	at fr.killiandev.fuelapi.fuel.impl.FuelServiceImpl.getFuelInformation(FuelServiceImpl.java:42) ~[classes/:na]
	at java.base/jdk.internal.reflect.NativeMethodAccessorImpl.invoke0(Native Method) ~[na:na]
	at java.base/jdk.internal.reflect.NativeMethodAccessorImpl.invoke(NativeMethodAccessorImpl.java:64) ~[na:na]
	at java.base/jdk.internal.reflect.DelegatingMethodAccessorImpl.invoke(DelegatingMethodAccessorImpl.java:43) ~[na:na]
	at java.base/java.lang.reflect.Method.invoke(Method.java:564) ~[na:na]
	at org.springframework.aop.support.AopUtils.invokeJoinpointUsingReflection(AopUtils.java:344) ~[spring-aop-5.3.14.jar:5.3.14]
	at org.springframework.aop.framework.ReflectiveMethodInvocation.invokeJoinpoint(ReflectiveMethodInvocation.java:198) ~[spring-aop-5.3.14.jar:5.3.14]
	at org.springframework.aop.framework.ReflectiveMethodInvocation.proceed(ReflectiveMethodInvocation.java:163) ~[spring-aop-5.3.14.jar:5.3.14]
	at org.springframework.aop.interceptor.AsyncExecutionInterceptor.lambda$invoke$0(AsyncExecutionInterceptor.java:115) ~[spring-aop-5.3.14.jar:5.3.14]
	at org.springframework.aop.interceptor.AsyncExecutionAspectSupport.lambda$doSubmit$3(AsyncExecutionAspectSupport.java:276) ~[spring-aop-5.3.14.jar:5.3.14]
	at java.base/java.util.concurrent.CompletableFuture$AsyncSupply.run(CompletableFuture.java:1764) ~[na:na]
	at java.base/java.util.concurrent.ThreadPoolExecutor.runWorker(ThreadPoolExecutor.java:1130) ~[na:na]
	at java.base/java.util.concurrent.ThreadPoolExecutor$Worker.run(ThreadPoolExecutor.java:630) ~[na:na]
	at java.base/java.lang.Thread.run(Thread.java:832) ~[na:na]

2022-01-19 15:20:35.638  INFO 14440 --- [task-3] fr.killiandev.fuelapi.fuel.FuelService   : Send request to: https://public.opendatasoft.com/api/records/1.0/search/?geofilter.distance=43.4406829,1.2286827,10000&sort=update&dataset=prix_des_carburants_j_7
2022-01-19 15:21:58.783  INFO 17080 --- [restartedMain] f.killiandev.fuelapi.FuelapiApplication  : Starting FuelapiApplication using Java 15.0.2 on DESKTOP-B48NQ6N with PID 17080 (E:\WorkSpace\FuelAPI\target\classes started by Killian in E:\WorkSpace\FuelAPI)
2022-01-19 15:21:58.784  INFO 17080 --- [restartedMain] f.killiandev.fuelapi.FuelapiApplication  : No active profile set, falling back to default profiles: default
2022-01-19 15:21:58.818  INFO 17080 --- [restartedMain] .e.DevToolsPropertyDefaultsPostProcessor : Devtools property defaults active! Set 'spring.devtools.add-properties' to 'false' to disable
2022-01-19 15:21:58.820  INFO 17080 --- [restartedMain] .e.DevToolsPropertyDefaultsPostProcessor : For additional web related logging consider setting the 'logging.level.web' property to 'DEBUG'
2022-01-19 15:21:59.571  INFO 17080 --- [restartedMain] o.s.b.w.embedded.tomcat.TomcatWebServer  : Tomcat initialized with port(s): 7070 (http)
2022-01-19 15:21:59.581  INFO 17080 --- [restartedMain] o.apache.catalina.core.StandardService   : Starting service [Tomcat]
2022-01-19 15:21:59.581  INFO 17080 --- [restartedMain] org.apache.catalina.core.StandardEngine  : Starting Servlet engine: [Apache Tomcat/9.0.56]
2022-01-19 15:21:59.621  INFO 17080 --- [restartedMain] o.a.c.c.C.[Tomcat].[localhost].[/]       : Initializing Spring embedded WebApplicationContext
2022-01-19 15:21:59.621  INFO 17080 --- [restartedMain] w.s.c.ServletWebServerApplicationContext : Root WebApplicationContext: initialization completed in 801 ms
2022-01-19 15:22:00.003  INFO 17080 --- [restartedMain] o.s.b.d.a.OptionalLiveReloadServer       : LiveReload server is running on port 35729
2022-01-19 15:22:00.018  INFO 17080 --- [restartedMain] o.s.b.w.embedded.tomcat.TomcatWebServer  : Tomcat started on port(s): 7070 (http) with context path ''
2022-01-19 15:22:00.025  INFO 17080 --- [restartedMain] f.killiandev.fuelapi.FuelapiApplication  : Started FuelapiApplication in 1.516 seconds (JVM running for 1.944)
2022-01-19 15:22:16.625  INFO 17080 --- [http-nio-7070-exec-1] o.a.c.c.C.[Tomcat].[localhost].[/]       : Initializing Spring DispatcherServlet 'dispatcherServlet'
2022-01-19 15:22:16.625  INFO 17080 --- [http-nio-7070-exec-1] o.s.web.servlet.DispatcherServlet        : Initializing Servlet 'dispatcherServlet'
2022-01-19 15:22:16.626  INFO 17080 --- [http-nio-7070-exec-1] o.s.web.servlet.DispatcherServlet        : Completed initialization in 1 ms
2022-01-19 15:22:16.646  INFO 17080 --- [task-1] fr.killiandev.fuelapi.fuel.FuelService   : Send request to: https://public.opendatasoft.com/api/records/1.0/search/?geofilter.distance=43.4406829,1.2286827,10000&sort=update&dataset=prix_des_carburants_j_7
2022-01-19 15:22:19.949  INFO 17080 --- [task-2] fr.killiandev.fuelapi.fuel.FuelService   : Send request to: https://public.opendatasoft.com/api/records/1.0/search/?geofilter.distance=43.4406829,1.2286827,10000&sort=update&dataset=prix_des_carburants_j_7
2022-01-19 15:22:20.682  INFO 17080 --- [task-3] fr.killiandev.fuelapi.fuel.FuelService   : Send request to: https://public.opendatasoft.com/api/records/1.0/search/?geofilter.distance=43.4406829,1.2286827,10000&sort=update&dataset=prix_des_carburants_j_7
2022-01-19 15:22:21.315  INFO 17080 --- [task-4] fr.killiandev.fuelapi.fuel.FuelService   : Send request to: https://public.opendatasoft.com/api/records/1.0/search/?geofilter.distance=43.4406829,1.2286827,10000&sort=update&dataset=prix_des_carburants_j_7
2022-01-19 15:22:21.832  INFO 17080 --- [task-5] fr.killiandev.fuelapi.fuel.FuelService   : Send request to: https://public.opendatasoft.com/api/records/1.0/search/?geofilter.distance=43.4406829,1.2286827,10000&sort=update&dataset=prix_des_carburants_j_7
2022-01-19 15:22:22.397  INFO 17080 --- [task-6] fr.killiandev.fuelapi.fuel.FuelService   : Send request to: https://public.opendatasoft.com/api/records/1.0/search/?geofilter.distance=43.4406829,1.2286827,10000&sort=update&dataset=prix_des_carburants_j_7
2022-01-19 15:22:22.882  INFO 17080 --- [task-7] fr.killiandev.fuelapi.fuel.FuelService   : Send request to: https://public.opendatasoft.com/api/records/1.0/search/?geofilter.distance=43.4406829,1.2286827,10000&sort=update&dataset=prix_des_carburants_j_7
2022-01-19 15:22:23.390  INFO 17080 --- [task-8] fr.killiandev.fuelapi.fuel.FuelService   : Send request to: https://public.opendatasoft.com/api/records/1.0/search/?geofilter.distance=43.4406829,1.2286827,10000&sort=update&dataset=prix_des_carburants_j_7
2022-01-19 15:22:23.875  INFO 17080 --- [task-1] fr.killiandev.fuelapi.fuel.FuelService   : Send request to: https://public.opendatasoft.com/api/records/1.0/search/?geofilter.distance=43.4406829,1.2286827,10000&sort=update&dataset=prix_des_carburants_j_7
2022-01-19 15:22:24.740  INFO 17080 --- [task-2] fr.killiandev.fuelapi.fuel.FuelService   : Send request to: https://public.opendatasoft.com/api/records/1.0/search/?geofilter.distance=43.4406829,1.2286827,10000&sort=update&dataset=prix_des_carburants_j_7
2022-01-19 15:22:24.966  INFO 17080 --- [task-3] fr.killiandev.fuelapi.fuel.FuelService   : Send request to: https://public.opendatasoft.com/api/records/1.0/search/?geofilter.distance=43.4406829,1.2286827,10000&sort=update&dataset=prix_des_carburants_j_7
2022-01-19 15:22:25.044  INFO 17080 --- [task-4] fr.killiandev.fuelapi.fuel.FuelService   : Send request to: https://public.opendatasoft.com/api/records/1.0/search/?geofilter.distance=43.4406829,1.2286827,10000&sort=update&dataset=prix_des_carburants_j_7
2022-01-19 15:22:25.335  INFO 17080 --- [task-5] fr.killiandev.fuelapi.fuel.FuelService   : Send request to: https://public.opendatasoft.com/api/records/1.0/search/?geofilter.distance=43.4406829,1.2286827,10000&sort=update&dataset=prix_des_carburants_j_7
2022-01-19 15:22:26.745  INFO 17080 --- [task-6] fr.killiandev.fuelapi.fuel.FuelService   : Send request to: https://public.opendatasoft.com/api/records/1.0/search/?geofilter.distance=43.4406829,1.2286827,10000&sort=update&dataset=prix_des_carburants_j_7
2022-01-19 15:22:31.257 ERROR 17080 --- [http-nio-7070-exec-10] o.a.c.c.C.[.[.[/].[dispatcherServlet]    : Servlet.service() for servlet [dispatcherServlet] threw exception

fr.killiandev.fuelapi.exception.BaseException: La distance de recherche est trop élevée
	at fr.killiandev.fuelapi.fuel.impl.FuelServiceImpl.getFuelInformation(FuelServiceImpl.java:42) ~[classes/:na]
	at java.base/jdk.internal.reflect.NativeMethodAccessorImpl.invoke0(Native Method) ~[na:na]
	at java.base/jdk.internal.reflect.NativeMethodAccessorImpl.invoke(NativeMethodAccessorImpl.java:64) ~[na:na]
	at java.base/jdk.internal.reflect.DelegatingMethodAccessorImpl.invoke(DelegatingMethodAccessorImpl.java:43) ~[na:na]
	at java.base/java.lang.reflect.Method.invoke(Method.java:564) ~[na:na]
	at org.springframework.aop.support.AopUtils.invokeJoinpointUsingReflection(AopUtils.java:344) ~[spring-aop-5.3.14.jar:5.3.14]
	at org.springframework.aop.framework.ReflectiveMethodInvocation.invokeJoinpoint(ReflectiveMethodInvocation.java:198) ~[spring-aop-5.3.14.jar:5.3.14]
	at org.springframework.aop.framework.ReflectiveMethodInvocation.proceed(ReflectiveMethodInvocation.java:163) ~[spring-aop-5.3.14.jar:5.3.14]
	at org.springframework.aop.interceptor.AsyncExecutionInterceptor.lambda$invoke$0(AsyncExecutionInterceptor.java:115) ~[spring-aop-5.3.14.jar:5.3.14]
	at org.springframework.aop.interceptor.AsyncExecutionAspectSupport.lambda$doSubmit$3(AsyncExecutionAspectSupport.java:276) ~[spring-aop-5.3.14.jar:5.3.14]
	at java.base/java.util.concurrent.CompletableFuture$AsyncSupply.run(CompletableFuture.java:1764) ~[na:na]
	at java.base/java.util.concurrent.ThreadPoolExecutor.runWorker(ThreadPoolExecutor.java:1130) ~[na:na]
	at java.base/java.util.concurrent.ThreadPoolExecutor$Worker.run(ThreadPoolExecutor.java:630) ~[na:na]
	at java.base/java.lang.Thread.run(Thread.java:832) ~[na:na]

2022-01-19 15:22:31.258 ERROR 17080 --- [http-nio-7070-exec-10] o.a.c.c.C.[.[.[/].[dispatcherServlet]    : Servlet.service() for servlet [dispatcherServlet] in context with path [] threw exception [Request processing failed; nested exception is fr.killiandev.fuelapi.exception.BaseException: La distance de recherche est trop élevée] with root cause

fr.killiandev.fuelapi.exception.BaseException: La distance de recherche est trop élevée
	at fr.killiandev.fuelapi.fuel.impl.FuelServiceImpl.getFuelInformation(FuelServiceImpl.java:42) ~[classes/:na]
	at java.base/jdk.internal.reflect.NativeMethodAccessorImpl.invoke0(Native Method) ~[na:na]
	at java.base/jdk.internal.reflect.NativeMethodAccessorImpl.invoke(NativeMethodAccessorImpl.java:64) ~[na:na]
	at java.base/jdk.internal.reflect.DelegatingMethodAccessorImpl.invoke(DelegatingMethodAccessorImpl.java:43) ~[na:na]
	at java.base/java.lang.reflect.Method.invoke(Method.java:564) ~[na:na]
	at org.springframework.aop.support.AopUtils.invokeJoinpointUsingReflection(AopUtils.java:344) ~[spring-aop-5.3.14.jar:5.3.14]
	at org.springframework.aop.framework.ReflectiveMethodInvocation.invokeJoinpoint(ReflectiveMethodInvocation.java:198) ~[spring-aop-5.3.14.jar:5.3.14]
	at org.springframework.aop.framework.ReflectiveMethodInvocation.proceed(ReflectiveMethodInvocation.java:163) ~[spring-aop-5.3.14.jar:5.3.14]
	at org.springframework.aop.interceptor.AsyncExecutionInterceptor.lambda$invoke$0(AsyncExecutionInterceptor.java:115) ~[spring-aop-5.3.14.jar:5.3.14]
	at org.springframework.aop.interceptor.AsyncExecutionAspectSupport.lambda$doSubmit$3(AsyncExecutionAspectSupport.java:276) ~[spring-aop-5.3.14.jar:5.3.14]
	at java.base/java.util.concurrent.CompletableFuture$AsyncSupply.run(CompletableFuture.java:1764) ~[na:na]
	at java.base/java.util.concurrent.ThreadPoolExecutor.runWorker(ThreadPoolExecutor.java:1130) ~[na:na]
	at java.base/java.util.concurrent.ThreadPoolExecutor$Worker.run(ThreadPoolExecutor.java:630) ~[na:na]
	at java.base/java.lang.Thread.run(Thread.java:832) ~[na:na]

2022-01-19 15:23:15.243  INFO 16920 --- [restartedMain] f.killiandev.fuelapi.FuelapiApplication  : Starting FuelapiApplication using Java 15.0.2 on DESKTOP-B48NQ6N with PID 16920 (E:\WorkSpace\FuelAPI\target\classes started by Killian in E:\WorkSpace\FuelAPI)
2022-01-19 15:23:15.244  INFO 16920 --- [restartedMain] f.killiandev.fuelapi.FuelapiApplication  : No active profile set, falling back to default profiles: default
2022-01-19 15:23:15.296  INFO 16920 --- [restartedMain] .e.DevToolsPropertyDefaultsPostProcessor : Devtools property defaults active! Set 'spring.devtools.add-properties' to 'false' to disable
2022-01-19 15:23:15.297  INFO 16920 --- [restartedMain] .e.DevToolsPropertyDefaultsPostProcessor : For additional web related logging consider setting the 'logging.level.web' property to 'DEBUG'
2022-01-19 15:23:15.937  INFO 16920 --- [restartedMain] o.s.b.w.embedded.tomcat.TomcatWebServer  : Tomcat initialized with port(s): 7070 (http)
2022-01-19 15:23:15.943  INFO 16920 --- [restartedMain] o.apache.catalina.core.StandardService   : Starting service [Tomcat]
2022-01-19 15:23:15.943  INFO 16920 --- [restartedMain] org.apache.catalina.core.StandardEngine  : Starting Servlet engine: [Apache Tomcat/9.0.56]
2022-01-19 15:23:15.982  INFO 16920 --- [restartedMain] o.a.c.c.C.[Tomcat].[localhost].[/]       : Initializing Spring embedded WebApplicationContext
2022-01-19 15:23:15.982  INFO 16920 --- [restartedMain] w.s.c.ServletWebServerApplicationContext : Root WebApplicationContext: initialization completed in 684 ms
2022-01-19 15:23:16.339  INFO 16920 --- [restartedMain] o.s.b.d.a.OptionalLiveReloadServer       : LiveReload server is running on port 35729
2022-01-19 15:23:16.354  INFO 16920 --- [restartedMain] o.s.b.w.embedded.tomcat.TomcatWebServer  : Tomcat started on port(s): 7070 (http) with context path ''
2022-01-19 15:23:16.361  INFO 16920 --- [restartedMain] f.killiandev.fuelapi.FuelapiApplication  : Started FuelapiApplication in 1.369 seconds (JVM running for 1.793)
2022-01-19 15:23:20.540  INFO 16920 --- [http-nio-7070-exec-1] o.a.c.c.C.[Tomcat].[localhost].[/]       : Initializing Spring DispatcherServlet 'dispatcherServlet'
2022-01-19 15:23:20.540  INFO 16920 --- [http-nio-7070-exec-1] o.s.web.servlet.DispatcherServlet        : Initializing Servlet 'dispatcherServlet'
2022-01-19 15:23:20.541  INFO 16920 --- [http-nio-7070-exec-1] o.s.web.servlet.DispatcherServlet        : Completed initialization in 1 ms
2022-01-19 15:23:20.575 ERROR 16920 --- [http-nio-7070-exec-1] o.a.c.c.C.[.[.[/].[dispatcherServlet]    : Servlet.service() for servlet [dispatcherServlet] threw exception

fr.killiandev.fuelapi.exception.BaseException: La distance de recherche est trop élevée
	at fr.killiandev.fuelapi.fuel.impl.FuelServiceImpl.getFuelInformation(FuelServiceImpl.java:43) ~[classes/:na]
	at java.base/jdk.internal.reflect.NativeMethodAccessorImpl.invoke0(Native Method) ~[na:na]
	at java.base/jdk.internal.reflect.NativeMethodAccessorImpl.invoke(NativeMethodAccessorImpl.java:64) ~[na:na]
	at java.base/jdk.internal.reflect.DelegatingMethodAccessorImpl.invoke(DelegatingMethodAccessorImpl.java:43) ~[na:na]
	at java.base/java.lang.reflect.Method.invoke(Method.java:564) ~[na:na]
	at org.springframework.aop.support.AopUtils.invokeJoinpointUsingReflection(AopUtils.java:344) ~[spring-aop-5.3.14.jar:5.3.14]
	at org.springframework.aop.framework.ReflectiveMethodInvocation.invokeJoinpoint(ReflectiveMethodInvocation.java:198) ~[spring-aop-5.3.14.jar:5.3.14]
	at org.springframework.aop.framework.ReflectiveMethodInvocation.proceed(ReflectiveMethodInvocation.java:163) ~[spring-aop-5.3.14.jar:5.3.14]
	at org.springframework.aop.interceptor.AsyncExecutionInterceptor.lambda$invoke$0(AsyncExecutionInterceptor.java:115) ~[spring-aop-5.3.14.jar:5.3.14]
	at org.springframework.aop.interceptor.AsyncExecutionAspectSupport.lambda$doSubmit$3(AsyncExecutionAspectSupport.java:276) ~[spring-aop-5.3.14.jar:5.3.14]
	at java.base/java.util.concurrent.CompletableFuture$AsyncSupply.run(CompletableFuture.java:1764) ~[na:na]
	at java.base/java.util.concurrent.ThreadPoolExecutor.runWorker(ThreadPoolExecutor.java:1130) ~[na:na]
	at java.base/java.util.concurrent.ThreadPoolExecutor$Worker.run(ThreadPoolExecutor.java:630) ~[na:na]
	at java.base/java.lang.Thread.run(Thread.java:832) ~[na:na]

2022-01-19 15:23:20.576 ERROR 16920 --- [http-nio-7070-exec-1] o.a.c.c.C.[.[.[/].[dispatcherServlet]    : Servlet.service() for servlet [dispatcherServlet] in context with path [] threw exception [Request processing failed; nested exception is fr.killiandev.fuelapi.exception.BaseException: La distance de recherche est trop élevée] with root cause

fr.killiandev.fuelapi.exception.BaseException: La distance de recherche est trop élevée
	at fr.killiandev.fuelapi.fuel.impl.FuelServiceImpl.getFuelInformation(FuelServiceImpl.java:43) ~[classes/:na]
	at java.base/jdk.internal.reflect.NativeMethodAccessorImpl.invoke0(Native Method) ~[na:na]
	at java.base/jdk.internal.reflect.NativeMethodAccessorImpl.invoke(NativeMethodAccessorImpl.java:64) ~[na:na]
	at java.base/jdk.internal.reflect.DelegatingMethodAccessorImpl.invoke(DelegatingMethodAccessorImpl.java:43) ~[na:na]
	at java.base/java.lang.reflect.Method.invoke(Method.java:564) ~[na:na]
	at org.springframework.aop.support.AopUtils.invokeJoinpointUsingReflection(AopUtils.java:344) ~[spring-aop-5.3.14.jar:5.3.14]
	at org.springframework.aop.framework.ReflectiveMethodInvocation.invokeJoinpoint(ReflectiveMethodInvocation.java:198) ~[spring-aop-5.3.14.jar:5.3.14]
	at org.springframework.aop.framework.ReflectiveMethodInvocation.proceed(ReflectiveMethodInvocation.java:163) ~[spring-aop-5.3.14.jar:5.3.14]
	at org.springframework.aop.interceptor.AsyncExecutionInterceptor.lambda$invoke$0(AsyncExecutionInterceptor.java:115) ~[spring-aop-5.3.14.jar:5.3.14]
	at org.springframework.aop.interceptor.AsyncExecutionAspectSupport.lambda$doSubmit$3(AsyncExecutionAspectSupport.java:276) ~[spring-aop-5.3.14.jar:5.3.14]
	at java.base/java.util.concurrent.CompletableFuture$AsyncSupply.run(CompletableFuture.java:1764) ~[na:na]
	at java.base/java.util.concurrent.ThreadPoolExecutor.runWorker(ThreadPoolExecutor.java:1130) ~[na:na]
	at java.base/java.util.concurrent.ThreadPoolExecutor$Worker.run(ThreadPoolExecutor.java:630) ~[na:na]
	at java.base/java.lang.Thread.run(Thread.java:832) ~[na:na]

2022-01-19 15:23:30.730  INFO 3104 --- [restartedMain] f.killiandev.fuelapi.FuelapiApplication  : Starting FuelapiApplication using Java 15.0.2 on DESKTOP-B48NQ6N with PID 3104 (E:\WorkSpace\FuelAPI\target\classes started by Killian in E:\WorkSpace\FuelAPI)
2022-01-19 15:23:30.730  INFO 3104 --- [restartedMain] f.killiandev.fuelapi.FuelapiApplication  : No active profile set, falling back to default profiles: default
2022-01-19 15:23:30.763  INFO 3104 --- [restartedMain] .e.DevToolsPropertyDefaultsPostProcessor : Devtools property defaults active! Set 'spring.devtools.add-properties' to 'false' to disable
2022-01-19 15:23:30.763  INFO 3104 --- [restartedMain] .e.DevToolsPropertyDefaultsPostProcessor : For additional web related logging consider setting the 'logging.level.web' property to 'DEBUG'
2022-01-19 15:23:31.486  INFO 3104 --- [restartedMain] o.s.b.w.embedded.tomcat.TomcatWebServer  : Tomcat initialized with port(s): 7070 (http)
2022-01-19 15:23:31.491  INFO 3104 --- [restartedMain] o.apache.catalina.core.StandardService   : Starting service [Tomcat]
2022-01-19 15:23:31.492  INFO 3104 --- [restartedMain] org.apache.catalina.core.StandardEngine  : Starting Servlet engine: [Apache Tomcat/9.0.56]
2022-01-19 15:23:31.530  INFO 3104 --- [restartedMain] o.a.c.c.C.[Tomcat].[localhost].[/]       : Initializing Spring embedded WebApplicationContext
2022-01-19 15:23:31.530  INFO 3104 --- [restartedMain] w.s.c.ServletWebServerApplicationContext : Root WebApplicationContext: initialization completed in 766 ms
2022-01-19 15:23:31.873  INFO 3104 --- [restartedMain] o.s.b.d.a.OptionalLiveReloadServer       : LiveReload server is running on port 35729
2022-01-19 15:23:31.887  INFO 3104 --- [restartedMain] o.s.b.w.embedded.tomcat.TomcatWebServer  : Tomcat started on port(s): 7070 (http) with context path ''
2022-01-19 15:23:31.894  INFO 3104 --- [restartedMain] f.killiandev.fuelapi.FuelapiApplication  : Started FuelapiApplication in 1.444 seconds (JVM running for 1.888)
2022-01-19 15:23:33.580  INFO 3104 --- [http-nio-7070-exec-1] o.a.c.c.C.[Tomcat].[localhost].[/]       : Initializing Spring DispatcherServlet 'dispatcherServlet'
2022-01-19 15:23:33.580  INFO 3104 --- [http-nio-7070-exec-1] o.s.web.servlet.DispatcherServlet        : Initializing Servlet 'dispatcherServlet'
2022-01-19 15:23:33.581  INFO 3104 --- [http-nio-7070-exec-1] o.s.web.servlet.DispatcherServlet        : Completed initialization in 1 ms
2022-01-19 15:23:33.613 ERROR 3104 --- [http-nio-7070-exec-1] o.a.c.c.C.[.[.[/].[dispatcherServlet]    : Servlet.service() for servlet [dispatcherServlet] threw exception

fr.killiandev.fuelapi.exception.type.FuelException: Message non configuré {FUEL:DISTANCE-TOO-HIGH}
	at fr.killiandev.fuelapi.fuel.impl.FuelServiceImpl.getFuelInformation(FuelServiceImpl.java:43) ~[classes/:na]
	at java.base/jdk.internal.reflect.NativeMethodAccessorImpl.invoke0(Native Method) ~[na:na]
	at java.base/jdk.internal.reflect.NativeMethodAccessorImpl.invoke(NativeMethodAccessorImpl.java:64) ~[na:na]
	at java.base/jdk.internal.reflect.DelegatingMethodAccessorImpl.invoke(DelegatingMethodAccessorImpl.java:43) ~[na:na]
	at java.base/java.lang.reflect.Method.invoke(Method.java:564) ~[na:na]
	at org.springframework.aop.support.AopUtils.invokeJoinpointUsingReflection(AopUtils.java:344) ~[spring-aop-5.3.14.jar:5.3.14]
	at org.springframework.aop.framework.ReflectiveMethodInvocation.invokeJoinpoint(ReflectiveMethodInvocation.java:198) ~[spring-aop-5.3.14.jar:5.3.14]
	at org.springframework.aop.framework.ReflectiveMethodInvocation.proceed(ReflectiveMethodInvocation.java:163) ~[spring-aop-5.3.14.jar:5.3.14]
	at org.springframework.aop.interceptor.AsyncExecutionInterceptor.lambda$invoke$0(AsyncExecutionInterceptor.java:115) ~[spring-aop-5.3.14.jar:5.3.14]
	at org.springframework.aop.interceptor.AsyncExecutionAspectSupport.lambda$doSubmit$3(AsyncExecutionAspectSupport.java:276) ~[spring-aop-5.3.14.jar:5.3.14]
	at java.base/java.util.concurrent.CompletableFuture$AsyncSupply.run(CompletableFuture.java:1764) ~[na:na]
	at java.base/java.util.concurrent.ThreadPoolExecutor.runWorker(ThreadPoolExecutor.java:1130) ~[na:na]
	at java.base/java.util.concurrent.ThreadPoolExecutor$Worker.run(ThreadPoolExecutor.java:630) ~[na:na]
	at java.base/java.lang.Thread.run(Thread.java:832) ~[na:na]

2022-01-19 15:23:33.613 ERROR 3104 --- [http-nio-7070-exec-1] o.a.c.c.C.[.[.[/].[dispatcherServlet]    : Servlet.service() for servlet [dispatcherServlet] in context with path [] threw exception [Request processing failed; nested exception is fr.killiandev.fuelapi.exception.type.FuelException: Message non configuré {FUEL:DISTANCE-TOO-HIGH}] with root cause

fr.killiandev.fuelapi.exception.type.FuelException: Message non configuré {FUEL:DISTANCE-TOO-HIGH}
	at fr.killiandev.fuelapi.fuel.impl.FuelServiceImpl.getFuelInformation(FuelServiceImpl.java:43) ~[classes/:na]
	at java.base/jdk.internal.reflect.NativeMethodAccessorImpl.invoke0(Native Method) ~[na:na]
	at java.base/jdk.internal.reflect.NativeMethodAccessorImpl.invoke(NativeMethodAccessorImpl.java:64) ~[na:na]
	at java.base/jdk.internal.reflect.DelegatingMethodAccessorImpl.invoke(DelegatingMethodAccessorImpl.java:43) ~[na:na]
	at java.base/java.lang.reflect.Method.invoke(Method.java:564) ~[na:na]
	at org.springframework.aop.support.AopUtils.invokeJoinpointUsingReflection(AopUtils.java:344) ~[spring-aop-5.3.14.jar:5.3.14]
	at org.springframework.aop.framework.ReflectiveMethodInvocation.invokeJoinpoint(ReflectiveMethodInvocation.java:198) ~[spring-aop-5.3.14.jar:5.3.14]
	at org.springframework.aop.framework.ReflectiveMethodInvocation.proceed(ReflectiveMethodInvocation.java:163) ~[spring-aop-5.3.14.jar:5.3.14]
	at org.springframework.aop.interceptor.AsyncExecutionInterceptor.lambda$invoke$0(AsyncExecutionInterceptor.java:115) ~[spring-aop-5.3.14.jar:5.3.14]
	at org.springframework.aop.interceptor.AsyncExecutionAspectSupport.lambda$doSubmit$3(AsyncExecutionAspectSupport.java:276) ~[spring-aop-5.3.14.jar:5.3.14]
	at java.base/java.util.concurrent.CompletableFuture$AsyncSupply.run(CompletableFuture.java:1764) ~[na:na]
	at java.base/java.util.concurrent.ThreadPoolExecutor.runWorker(ThreadPoolExecutor.java:1130) ~[na:na]
	at java.base/java.util.concurrent.ThreadPoolExecutor$Worker.run(ThreadPoolExecutor.java:630) ~[na:na]
	at java.base/java.lang.Thread.run(Thread.java:832) ~[na:na]

2022-01-19 15:26:27.011  INFO 10248 --- [restartedMain] f.killiandev.fuelapi.FuelapiApplication  : Starting FuelapiApplication using Java 15.0.2 on DESKTOP-B48NQ6N with PID 10248 (E:\WorkSpace\FuelAPI\target\classes started by Killian in E:\WorkSpace\FuelAPI)
2022-01-19 15:26:27.012  INFO 10248 --- [restartedMain] f.killiandev.fuelapi.FuelapiApplication  : No active profile set, falling back to default profiles: default
2022-01-19 15:26:27.054  INFO 10248 --- [restartedMain] .e.DevToolsPropertyDefaultsPostProcessor : Devtools property defaults active! Set 'spring.devtools.add-properties' to 'false' to disable
2022-01-19 15:26:27.054  INFO 10248 --- [restartedMain] .e.DevToolsPropertyDefaultsPostProcessor : For additional web related logging consider setting the 'logging.level.web' property to 'DEBUG'
2022-01-19 15:26:27.703  INFO 10248 --- [restartedMain] o.s.b.w.embedded.tomcat.TomcatWebServer  : Tomcat initialized with port(s): 7070 (http)
2022-01-19 15:26:27.709  INFO 10248 --- [restartedMain] o.apache.catalina.core.StandardService   : Starting service [Tomcat]
2022-01-19 15:26:27.709  INFO 10248 --- [restartedMain] org.apache.catalina.core.StandardEngine  : Starting Servlet engine: [Apache Tomcat/9.0.56]
2022-01-19 15:26:27.747  INFO 10248 --- [restartedMain] o.a.c.c.C.[Tomcat].[localhost].[/]       : Initializing Spring embedded WebApplicationContext
2022-01-19 15:26:27.748  INFO 10248 --- [restartedMain] w.s.c.ServletWebServerApplicationContext : Root WebApplicationContext: initialization completed in 693 ms
2022-01-19 15:26:28.129  INFO 10248 --- [restartedMain] o.s.b.d.a.OptionalLiveReloadServer       : LiveReload server is running on port 35729
2022-01-19 15:26:28.144  INFO 10248 --- [restartedMain] o.s.b.w.embedded.tomcat.TomcatWebServer  : Tomcat started on port(s): 7070 (http) with context path ''
2022-01-19 15:26:28.151  INFO 10248 --- [restartedMain] f.killiandev.fuelapi.FuelapiApplication  : Started FuelapiApplication in 1.406 seconds (JVM running for 1.91)
2022-01-19 15:26:32.225  INFO 10248 --- [http-nio-7070-exec-1] o.a.c.c.C.[Tomcat].[localhost].[/]       : Initializing Spring DispatcherServlet 'dispatcherServlet'
2022-01-19 15:26:32.225  INFO 10248 --- [http-nio-7070-exec-1] o.s.web.servlet.DispatcherServlet        : Initializing Servlet 'dispatcherServlet'
2022-01-19 15:26:32.226  INFO 10248 --- [http-nio-7070-exec-1] o.s.web.servlet.DispatcherServlet        : Completed initialization in 1 ms
2022-01-19 15:26:32.257 ERROR 10248 --- [http-nio-7070-exec-1] o.a.c.c.C.[.[.[/].[dispatcherServlet]    : Servlet.service() for servlet [dispatcherServlet] threw exception

fr.killiandev.fuelapi.exception.type.FuelException: La distance de recherche est trop élevée
	at fr.killiandev.fuelapi.fuel.impl.FuelServiceImpl.getFuelInformation(FuelServiceImpl.java:43) ~[classes/:na]
	at java.base/jdk.internal.reflect.NativeMethodAccessorImpl.invoke0(Native Method) ~[na:na]
	at java.base/jdk.internal.reflect.NativeMethodAccessorImpl.invoke(NativeMethodAccessorImpl.java:64) ~[na:na]
	at java.base/jdk.internal.reflect.DelegatingMethodAccessorImpl.invoke(DelegatingMethodAccessorImpl.java:43) ~[na:na]
	at java.base/java.lang.reflect.Method.invoke(Method.java:564) ~[na:na]
	at org.springframework.aop.support.AopUtils.invokeJoinpointUsingReflection(AopUtils.java:344) ~[spring-aop-5.3.14.jar:5.3.14]
	at org.springframework.aop.framework.ReflectiveMethodInvocation.invokeJoinpoint(ReflectiveMethodInvocation.java:198) ~[spring-aop-5.3.14.jar:5.3.14]
	at org.springframework.aop.framework.ReflectiveMethodInvocation.proceed(ReflectiveMethodInvocation.java:163) ~[spring-aop-5.3.14.jar:5.3.14]
	at org.springframework.aop.interceptor.AsyncExecutionInterceptor.lambda$invoke$0(AsyncExecutionInterceptor.java:115) ~[spring-aop-5.3.14.jar:5.3.14]
	at org.springframework.aop.interceptor.AsyncExecutionAspectSupport.lambda$doSubmit$3(AsyncExecutionAspectSupport.java:276) ~[spring-aop-5.3.14.jar:5.3.14]
	at java.base/java.util.concurrent.CompletableFuture$AsyncSupply.run(CompletableFuture.java:1764) ~[na:na]
	at java.base/java.util.concurrent.ThreadPoolExecutor.runWorker(ThreadPoolExecutor.java:1130) ~[na:na]
	at java.base/java.util.concurrent.ThreadPoolExecutor$Worker.run(ThreadPoolExecutor.java:630) ~[na:na]
	at java.base/java.lang.Thread.run(Thread.java:832) ~[na:na]

2022-01-19 15:26:32.258 ERROR 10248 --- [http-nio-7070-exec-1] o.a.c.c.C.[.[.[/].[dispatcherServlet]    : Servlet.service() for servlet [dispatcherServlet] in context with path [] threw exception [Request processing failed; nested exception is fr.killiandev.fuelapi.exception.type.FuelException: La distance de recherche est trop élevée] with root cause

fr.killiandev.fuelapi.exception.type.FuelException: La distance de recherche est trop élevée
	at fr.killiandev.fuelapi.fuel.impl.FuelServiceImpl.getFuelInformation(FuelServiceImpl.java:43) ~[classes/:na]
	at java.base/jdk.internal.reflect.NativeMethodAccessorImpl.invoke0(Native Method) ~[na:na]
	at java.base/jdk.internal.reflect.NativeMethodAccessorImpl.invoke(NativeMethodAccessorImpl.java:64) ~[na:na]
	at java.base/jdk.internal.reflect.DelegatingMethodAccessorImpl.invoke(DelegatingMethodAccessorImpl.java:43) ~[na:na]
	at java.base/java.lang.reflect.Method.invoke(Method.java:564) ~[na:na]
	at org.springframework.aop.support.AopUtils.invokeJoinpointUsingReflection(AopUtils.java:344) ~[spring-aop-5.3.14.jar:5.3.14]
	at org.springframework.aop.framework.ReflectiveMethodInvocation.invokeJoinpoint(ReflectiveMethodInvocation.java:198) ~[spring-aop-5.3.14.jar:5.3.14]
	at org.springframework.aop.framework.ReflectiveMethodInvocation.proceed(ReflectiveMethodInvocation.java:163) ~[spring-aop-5.3.14.jar:5.3.14]
	at org.springframework.aop.interceptor.AsyncExecutionInterceptor.lambda$invoke$0(AsyncExecutionInterceptor.java:115) ~[spring-aop-5.3.14.jar:5.3.14]
	at org.springframework.aop.interceptor.AsyncExecutionAspectSupport.lambda$doSubmit$3(AsyncExecutionAspectSupport.java:276) ~[spring-aop-5.3.14.jar:5.3.14]
	at java.base/java.util.concurrent.CompletableFuture$AsyncSupply.run(CompletableFuture.java:1764) ~[na:na]
	at java.base/java.util.concurrent.ThreadPoolExecutor.runWorker(ThreadPoolExecutor.java:1130) ~[na:na]
	at java.base/java.util.concurrent.ThreadPoolExecutor$Worker.run(ThreadPoolExecutor.java:630) ~[na:na]
	at java.base/java.lang.Thread.run(Thread.java:832) ~[na:na]

2022-01-19 15:28:27.874  INFO 17112 --- [restartedMain] f.killiandev.fuelapi.FuelapiApplication  : Starting FuelapiApplication using Java 15.0.2 on DESKTOP-B48NQ6N with PID 17112 (E:\WorkSpace\FuelAPI\target\classes started by Killian in E:\WorkSpace\FuelAPI)
2022-01-19 15:28:27.875  INFO 17112 --- [restartedMain] f.killiandev.fuelapi.FuelapiApplication  : No active profile set, falling back to default profiles: default
2022-01-19 15:28:27.936  INFO 17112 --- [restartedMain] .e.DevToolsPropertyDefaultsPostProcessor : Devtools property defaults active! Set 'spring.devtools.add-properties' to 'false' to disable
2022-01-19 15:28:27.936  INFO 17112 --- [restartedMain] .e.DevToolsPropertyDefaultsPostProcessor : For additional web related logging consider setting the 'logging.level.web' property to 'DEBUG'
2022-01-19 15:28:28.514  INFO 17112 --- [restartedMain] o.s.b.w.embedded.tomcat.TomcatWebServer  : Tomcat initialized with port(s): 7070 (http)
2022-01-19 15:28:28.519  INFO 17112 --- [restartedMain] o.apache.catalina.core.StandardService   : Starting service [Tomcat]
2022-01-19 15:28:28.519  INFO 17112 --- [restartedMain] org.apache.catalina.core.StandardEngine  : Starting Servlet engine: [Apache Tomcat/9.0.56]
2022-01-19 15:28:28.557  INFO 17112 --- [restartedMain] o.a.c.c.C.[Tomcat].[localhost].[/]       : Initializing Spring embedded WebApplicationContext
2022-01-19 15:28:28.558  INFO 17112 --- [restartedMain] w.s.c.ServletWebServerApplicationContext : Root WebApplicationContext: initialization completed in 621 ms
2022-01-19 15:28:28.904  INFO 17112 --- [restartedMain] o.s.b.d.a.OptionalLiveReloadServer       : LiveReload server is running on port 35729
2022-01-19 15:28:28.919  INFO 17112 --- [restartedMain] o.s.b.w.embedded.tomcat.TomcatWebServer  : Tomcat started on port(s): 7070 (http) with context path ''
2022-01-19 15:28:28.926  INFO 17112 --- [restartedMain] f.killiandev.fuelapi.FuelapiApplication  : Started FuelapiApplication in 1.334 seconds (JVM running for 1.805)
2022-01-19 15:28:31.946  INFO 17112 --- [http-nio-7070-exec-1] o.a.c.c.C.[Tomcat].[localhost].[/]       : Initializing Spring DispatcherServlet 'dispatcherServlet'
2022-01-19 15:28:31.946  INFO 17112 --- [http-nio-7070-exec-1] o.s.web.servlet.DispatcherServlet        : Initializing Servlet 'dispatcherServlet'
2022-01-19 15:28:31.947  INFO 17112 --- [http-nio-7070-exec-1] o.s.web.servlet.DispatcherServlet        : Completed initialization in 1 ms
2022-01-19 15:28:31.988 ERROR 17112 --- [http-nio-7070-exec-1] o.a.c.c.C.[.[.[/].[dispatcherServlet]    : Servlet.service() for servlet [dispatcherServlet] threw exception

fr.killiandev.fuelapi.exception.type.FuelException: La distance de recherche est trop élevée
	at fr.killiandev.fuelapi.fuel.impl.FuelServiceImpl.getFuelInformation(FuelServiceImpl.java:43) ~[classes/:na]
	at java.base/jdk.internal.reflect.NativeMethodAccessorImpl.invoke0(Native Method) ~[na:na]
	at java.base/jdk.internal.reflect.NativeMethodAccessorImpl.invoke(NativeMethodAccessorImpl.java:64) ~[na:na]
	at java.base/jdk.internal.reflect.DelegatingMethodAccessorImpl.invoke(DelegatingMethodAccessorImpl.java:43) ~[na:na]
	at java.base/java.lang.reflect.Method.invoke(Method.java:564) ~[na:na]
	at org.springframework.aop.support.AopUtils.invokeJoinpointUsingReflection(AopUtils.java:344) ~[spring-aop-5.3.14.jar:5.3.14]
	at org.springframework.aop.framework.ReflectiveMethodInvocation.invokeJoinpoint(ReflectiveMethodInvocation.java:198) ~[spring-aop-5.3.14.jar:5.3.14]
	at org.springframework.aop.framework.ReflectiveMethodInvocation.proceed(ReflectiveMethodInvocation.java:163) ~[spring-aop-5.3.14.jar:5.3.14]
	at org.springframework.aop.interceptor.AsyncExecutionInterceptor.lambda$invoke$0(AsyncExecutionInterceptor.java:115) ~[spring-aop-5.3.14.jar:5.3.14]
	at org.springframework.aop.interceptor.AsyncExecutionAspectSupport.lambda$doSubmit$3(AsyncExecutionAspectSupport.java:276) ~[spring-aop-5.3.14.jar:5.3.14]
	at java.base/java.util.concurrent.CompletableFuture$AsyncSupply.run(CompletableFuture.java:1764) ~[na:na]
	at java.base/java.util.concurrent.ThreadPoolExecutor.runWorker(ThreadPoolExecutor.java:1130) ~[na:na]
	at java.base/java.util.concurrent.ThreadPoolExecutor$Worker.run(ThreadPoolExecutor.java:630) ~[na:na]
	at java.base/java.lang.Thread.run(Thread.java:832) ~[na:na]

2022-01-19 15:28:31.990 ERROR 17112 --- [http-nio-7070-exec-1] o.a.c.c.C.[.[.[/].[dispatcherServlet]    : Servlet.service() for servlet [dispatcherServlet] in context with path [] threw exception [Request processing failed; nested exception is fr.killiandev.fuelapi.exception.type.FuelException: La distance de recherche est trop élevée] with root cause

fr.killiandev.fuelapi.exception.type.FuelException: La distance de recherche est trop élevée
	at fr.killiandev.fuelapi.fuel.impl.FuelServiceImpl.getFuelInformation(FuelServiceImpl.java:43) ~[classes/:na]
	at java.base/jdk.internal.reflect.NativeMethodAccessorImpl.invoke0(Native Method) ~[na:na]
	at java.base/jdk.internal.reflect.NativeMethodAccessorImpl.invoke(NativeMethodAccessorImpl.java:64) ~[na:na]
	at java.base/jdk.internal.reflect.DelegatingMethodAccessorImpl.invoke(DelegatingMethodAccessorImpl.java:43) ~[na:na]
	at java.base/java.lang.reflect.Method.invoke(Method.java:564) ~[na:na]
	at org.springframework.aop.support.AopUtils.invokeJoinpointUsingReflection(AopUtils.java:344) ~[spring-aop-5.3.14.jar:5.3.14]
	at org.springframework.aop.framework.ReflectiveMethodInvocation.invokeJoinpoint(ReflectiveMethodInvocation.java:198) ~[spring-aop-5.3.14.jar:5.3.14]
	at org.springframework.aop.framework.ReflectiveMethodInvocation.proceed(ReflectiveMethodInvocation.java:163) ~[spring-aop-5.3.14.jar:5.3.14]
	at org.springframework.aop.interceptor.AsyncExecutionInterceptor.lambda$invoke$0(AsyncExecutionInterceptor.java:115) ~[spring-aop-5.3.14.jar:5.3.14]
	at org.springframework.aop.interceptor.AsyncExecutionAspectSupport.lambda$doSubmit$3(AsyncExecutionAspectSupport.java:276) ~[spring-aop-5.3.14.jar:5.3.14]
	at java.base/java.util.concurrent.CompletableFuture$AsyncSupply.run(CompletableFuture.java:1764) ~[na:na]
	at java.base/java.util.concurrent.ThreadPoolExecutor.runWorker(ThreadPoolExecutor.java:1130) ~[na:na]
	at java.base/java.util.concurrent.ThreadPoolExecutor$Worker.run(ThreadPoolExecutor.java:630) ~[na:na]
	at java.base/java.lang.Thread.run(Thread.java:832) ~[na:na]

2022-01-19 15:29:25.915  INFO 16520 --- [restartedMain] f.killiandev.fuelapi.FuelapiApplication  : Starting FuelapiApplication using Java 15.0.2 on DESKTOP-B48NQ6N with PID 16520 (E:\WorkSpace\FuelAPI\target\classes started by Killian in E:\WorkSpace\FuelAPI)
2022-01-19 15:29:25.916  INFO 16520 --- [restartedMain] f.killiandev.fuelapi.FuelapiApplication  : No active profile set, falling back to default profiles: default
2022-01-19 15:29:25.964  INFO 16520 --- [restartedMain] .e.DevToolsPropertyDefaultsPostProcessor : Devtools property defaults active! Set 'spring.devtools.add-properties' to 'false' to disable
2022-01-19 15:29:25.965  INFO 16520 --- [restartedMain] .e.DevToolsPropertyDefaultsPostProcessor : For additional web related logging consider setting the 'logging.level.web' property to 'DEBUG'
2022-01-19 15:29:26.657  INFO 16520 --- [restartedMain] o.s.b.w.embedded.tomcat.TomcatWebServer  : Tomcat initialized with port(s): 7070 (http)
2022-01-19 15:29:26.662  INFO 16520 --- [restartedMain] o.apache.catalina.core.StandardService   : Starting service [Tomcat]
2022-01-19 15:29:26.662  INFO 16520 --- [restartedMain] org.apache.catalina.core.StandardEngine  : Starting Servlet engine: [Apache Tomcat/9.0.56]
2022-01-19 15:29:26.700  INFO 16520 --- [restartedMain] o.a.c.c.C.[Tomcat].[localhost].[/]       : Initializing Spring embedded WebApplicationContext
2022-01-19 15:29:26.701  INFO 16520 --- [restartedMain] w.s.c.ServletWebServerApplicationContext : Root WebApplicationContext: initialization completed in 736 ms
2022-01-19 15:29:27.044  INFO 16520 --- [restartedMain] o.s.b.d.a.OptionalLiveReloadServer       : LiveReload server is running on port 35729
2022-01-19 15:29:27.058  INFO 16520 --- [restartedMain] o.s.b.w.embedded.tomcat.TomcatWebServer  : Tomcat started on port(s): 7070 (http) with context path ''
2022-01-19 15:29:27.065  INFO 16520 --- [restartedMain] f.killiandev.fuelapi.FuelapiApplication  : Started FuelapiApplication in 1.424 seconds (JVM running for 1.938)
2022-01-19 15:29:28.658  INFO 16520 --- [http-nio-7070-exec-1] o.a.c.c.C.[Tomcat].[localhost].[/]       : Initializing Spring DispatcherServlet 'dispatcherServlet'
2022-01-19 15:29:28.658  INFO 16520 --- [http-nio-7070-exec-1] o.s.web.servlet.DispatcherServlet        : Initializing Servlet 'dispatcherServlet'
2022-01-19 15:29:28.659  INFO 16520 --- [http-nio-7070-exec-1] o.s.web.servlet.DispatcherServlet        : Completed initialization in 1 ms
2022-01-19 15:29:28.685  WARN 16520 --- [http-nio-7070-exec-1] .w.s.m.a.ResponseStatusExceptionResolver : Resolved [fr.killiandev.fuelapi.exception.type.FuelException: La distance de recherche est trop élevée]
2022-01-19 15:35:58.982  INFO 13400 --- [restartedMain] f.killiandev.fuelapi.FuelapiApplication  : Starting FuelapiApplication using Java 15.0.2 on DESKTOP-B48NQ6N with PID 13400 (E:\WorkSpace\FuelAPI\target\classes started by Killian in E:\WorkSpace\FuelAPI)
2022-01-19 15:35:58.983  INFO 13400 --- [restartedMain] f.killiandev.fuelapi.FuelapiApplication  : No active profile set, falling back to default profiles: default
2022-01-19 15:35:59.058  INFO 13400 --- [restartedMain] .e.DevToolsPropertyDefaultsPostProcessor : Devtools property defaults active! Set 'spring.devtools.add-properties' to 'false' to disable
2022-01-19 15:35:59.058  INFO 13400 --- [restartedMain] .e.DevToolsPropertyDefaultsPostProcessor : For additional web related logging consider setting the 'logging.level.web' property to 'DEBUG'
2022-01-19 15:35:59.653  INFO 13400 --- [restartedMain] o.s.b.w.embedded.tomcat.TomcatWebServer  : Tomcat initialized with port(s): 7070 (http)
2022-01-19 15:35:59.659  INFO 13400 --- [restartedMain] o.apache.catalina.core.StandardService   : Starting service [Tomcat]
2022-01-19 15:35:59.659  INFO 13400 --- [restartedMain] org.apache.catalina.core.StandardEngine  : Starting Servlet engine: [Apache Tomcat/9.0.56]
2022-01-19 15:35:59.697  INFO 13400 --- [restartedMain] o.a.c.c.C.[Tomcat].[localhost].[/]       : Initializing Spring embedded WebApplicationContext
2022-01-19 15:35:59.698  INFO 13400 --- [restartedMain] w.s.c.ServletWebServerApplicationContext : Root WebApplicationContext: initialization completed in 640 ms
2022-01-19 15:36:00.043  INFO 13400 --- [restartedMain] o.s.b.d.a.OptionalLiveReloadServer       : LiveReload server is running on port 35729
2022-01-19 15:36:00.057  INFO 13400 --- [restartedMain] o.s.b.w.embedded.tomcat.TomcatWebServer  : Tomcat started on port(s): 7070 (http) with context path ''
2022-01-19 15:36:00.064  INFO 13400 --- [restartedMain] f.killiandev.fuelapi.FuelapiApplication  : Started FuelapiApplication in 1.358 seconds (JVM running for 1.813)
2022-01-19 15:36:02.794  INFO 13400 --- [http-nio-7070-exec-1] o.a.c.c.C.[Tomcat].[localhost].[/]       : Initializing Spring DispatcherServlet 'dispatcherServlet'
2022-01-19 15:36:02.795  INFO 13400 --- [http-nio-7070-exec-1] o.s.web.servlet.DispatcherServlet        : Initializing Servlet 'dispatcherServlet'
2022-01-19 15:36:02.795  INFO 13400 --- [http-nio-7070-exec-1] o.s.web.servlet.DispatcherServlet        : Completed initialization in 0 ms
2022-01-19 15:36:02.823  WARN 13400 --- [http-nio-7070-exec-1] .w.s.m.a.ResponseStatusExceptionResolver : Resolved [fr.killiandev.fuelapi.exception.type.FuelException: La distance de recherche est trop élevée]
2022-01-19 15:36:44.014  INFO 3152 --- [restartedMain] f.killiandev.fuelapi.FuelapiApplication  : Starting FuelapiApplication using Java 15.0.2 on DESKTOP-B48NQ6N with PID 3152 (E:\WorkSpace\FuelAPI\target\classes started by Killian in E:\WorkSpace\FuelAPI)
2022-01-19 15:36:44.015  INFO 3152 --- [restartedMain] f.killiandev.fuelapi.FuelapiApplication  : No active profile set, falling back to default profiles: default
2022-01-19 15:36:44.078  INFO 3152 --- [restartedMain] .e.DevToolsPropertyDefaultsPostProcessor : Devtools property defaults active! Set 'spring.devtools.add-properties' to 'false' to disable
2022-01-19 15:36:44.078  INFO 3152 --- [restartedMain] .e.DevToolsPropertyDefaultsPostProcessor : For additional web related logging consider setting the 'logging.level.web' property to 'DEBUG'
2022-01-19 15:36:44.745  INFO 3152 --- [restartedMain] o.s.b.w.embedded.tomcat.TomcatWebServer  : Tomcat initialized with port(s): 7070 (http)
2022-01-19 15:36:44.751  INFO 3152 --- [restartedMain] o.apache.catalina.core.StandardService   : Starting service [Tomcat]
2022-01-19 15:36:44.751  INFO 3152 --- [restartedMain] org.apache.catalina.core.StandardEngine  : Starting Servlet engine: [Apache Tomcat/9.0.56]
2022-01-19 15:36:44.791  INFO 3152 --- [restartedMain] o.a.c.c.C.[Tomcat].[localhost].[/]       : Initializing Spring embedded WebApplicationContext
2022-01-19 15:36:44.791  INFO 3152 --- [restartedMain] w.s.c.ServletWebServerApplicationContext : Root WebApplicationContext: initialization completed in 712 ms
2022-01-19 15:36:45.139  INFO 3152 --- [restartedMain] o.s.b.d.a.OptionalLiveReloadServer       : LiveReload server is running on port 35729
2022-01-19 15:36:45.153  INFO 3152 --- [restartedMain] o.s.b.w.embedded.tomcat.TomcatWebServer  : Tomcat started on port(s): 7070 (http) with context path ''
2022-01-19 15:36:45.160  INFO 3152 --- [restartedMain] f.killiandev.fuelapi.FuelapiApplication  : Started FuelapiApplication in 1.405 seconds (JVM running for 2.01)
2022-01-19 15:37:04.116  INFO 3152 --- [http-nio-7070-exec-1] o.a.c.c.C.[Tomcat].[localhost].[/]       : Initializing Spring DispatcherServlet 'dispatcherServlet'
2022-01-19 15:37:04.116  INFO 3152 --- [http-nio-7070-exec-1] o.s.web.servlet.DispatcherServlet        : Initializing Servlet 'dispatcherServlet'
2022-01-19 15:37:04.117  INFO 3152 --- [http-nio-7070-exec-1] o.s.web.servlet.DispatcherServlet        : Completed initialization in 1 ms
2022-01-19 15:37:04.132  INFO 3152 --- [http-nio-7070-exec-1] fr.killiandev.fuelapi.fuel.FuelService   : Send request with city: https://public.opendatasoft.com/api/records/1.0/search/?q=Muret&sort=update&dataset=prix_des_carburants_j_7
2022-01-19 15:37:10.193  WARN 3152 --- [http-nio-7070-exec-3] .w.s.m.a.ResponseStatusExceptionResolver : Resolved [fr.killiandev.fuelapi.exception.type.FuelException: La distance de recherche est trop élevée]
2022-01-19 15:37:13.228  INFO 3152 --- [task-2] fr.killiandev.fuelapi.fuel.FuelService   : Send request with latitude/longitude/distance: https://public.opendatasoft.com/api/records/1.0/search/?q=Muret&geofilter.distance=43.4406829,1.2286827,10000&sort=update&dataset=prix_des_carburants_j_7
2022-01-19 15:38:00.660  INFO 9144 --- [restartedMain] f.killiandev.fuelapi.FuelapiApplication  : Starting FuelapiApplication using Java 15.0.2 on DESKTOP-B48NQ6N with PID 9144 (E:\WorkSpace\FuelAPI\target\classes started by Killian in E:\WorkSpace\FuelAPI)
2022-01-19 15:38:00.661  INFO 9144 --- [restartedMain] f.killiandev.fuelapi.FuelapiApplication  : No active profile set, falling back to default profiles: default
2022-01-19 15:38:00.700  INFO 9144 --- [restartedMain] .e.DevToolsPropertyDefaultsPostProcessor : Devtools property defaults active! Set 'spring.devtools.add-properties' to 'false' to disable
2022-01-19 15:38:00.701  INFO 9144 --- [restartedMain] .e.DevToolsPropertyDefaultsPostProcessor : For additional web related logging consider setting the 'logging.level.web' property to 'DEBUG'
2022-01-19 15:38:01.294  INFO 9144 --- [restartedMain] o.s.b.w.embedded.tomcat.TomcatWebServer  : Tomcat initialized with port(s): 7070 (http)
2022-01-19 15:38:01.299  INFO 9144 --- [restartedMain] o.apache.catalina.core.StandardService   : Starting service [Tomcat]
2022-01-19 15:38:01.300  INFO 9144 --- [restartedMain] org.apache.catalina.core.StandardEngine  : Starting Servlet engine: [Apache Tomcat/9.0.56]
2022-01-19 15:38:01.340  INFO 9144 --- [restartedMain] o.a.c.c.C.[Tomcat].[localhost].[/]       : Initializing Spring embedded WebApplicationContext
2022-01-19 15:38:01.340  INFO 9144 --- [restartedMain] w.s.c.ServletWebServerApplicationContext : Root WebApplicationContext: initialization completed in 638 ms
2022-01-19 15:38:01.687  INFO 9144 --- [restartedMain] o.s.b.d.a.OptionalLiveReloadServer       : LiveReload server is running on port 35729
2022-01-19 15:38:01.701  INFO 9144 --- [restartedMain] o.s.b.w.embedded.tomcat.TomcatWebServer  : Tomcat started on port(s): 7070 (http) with context path ''
2022-01-19 15:38:01.709  INFO 9144 --- [restartedMain] f.killiandev.fuelapi.FuelapiApplication  : Started FuelapiApplication in 1.321 seconds (JVM running for 1.751)
2022-01-19 15:38:09.841  INFO 9144 --- [http-nio-7070-exec-1] o.a.c.c.C.[Tomcat].[localhost].[/]       : Initializing Spring DispatcherServlet 'dispatcherServlet'
2022-01-19 15:38:09.842  INFO 9144 --- [http-nio-7070-exec-1] o.s.web.servlet.DispatcherServlet        : Initializing Servlet 'dispatcherServlet'
2022-01-19 15:38:09.842  INFO 9144 --- [http-nio-7070-exec-1] o.s.web.servlet.DispatcherServlet        : Completed initialization in 0 ms
2022-01-19 15:38:09.859  INFO 9144 --- [http-nio-7070-exec-1] fr.killiandev.fuelapi.fuel.FuelService   : Send request with city: https://public.opendatasoft.com/api/records/1.0/search/?q=Muret&sort=update&row=20&dataset=prix_des_carburants_j_7
2022-01-19 15:38:47.531  INFO 10420 --- [restartedMain] f.killiandev.fuelapi.FuelapiApplication  : Starting FuelapiApplication using Java 15.0.2 on DESKTOP-B48NQ6N with PID 10420 (E:\WorkSpace\FuelAPI\target\classes started by Killian in E:\WorkSpace\FuelAPI)
2022-01-19 15:38:47.532  INFO 10420 --- [restartedMain] f.killiandev.fuelapi.FuelapiApplication  : No active profile set, falling back to default profiles: default
2022-01-19 15:38:47.586  INFO 10420 --- [restartedMain] .e.DevToolsPropertyDefaultsPostProcessor : Devtools property defaults active! Set 'spring.devtools.add-properties' to 'false' to disable
2022-01-19 15:38:47.587  INFO 10420 --- [restartedMain] .e.DevToolsPropertyDefaultsPostProcessor : For additional web related logging consider setting the 'logging.level.web' property to 'DEBUG'
2022-01-19 15:38:48.261  INFO 10420 --- [restartedMain] o.s.b.w.embedded.tomcat.TomcatWebServer  : Tomcat initialized with port(s): 7070 (http)
2022-01-19 15:38:48.266  INFO 10420 --- [restartedMain] o.apache.catalina.core.StandardService   : Starting service [Tomcat]
2022-01-19 15:38:48.267  INFO 10420 --- [restartedMain] org.apache.catalina.core.StandardEngine  : Starting Servlet engine: [Apache Tomcat/9.0.56]
2022-01-19 15:38:48.305  INFO 10420 --- [restartedMain] o.a.c.c.C.[Tomcat].[localhost].[/]       : Initializing Spring embedded WebApplicationContext
2022-01-19 15:38:48.306  INFO 10420 --- [restartedMain] w.s.c.ServletWebServerApplicationContext : Root WebApplicationContext: initialization completed in 718 ms
2022-01-19 15:38:48.657  INFO 10420 --- [restartedMain] o.s.b.d.a.OptionalLiveReloadServer       : LiveReload server is running on port 35729
2022-01-19 15:38:48.672  INFO 10420 --- [restartedMain] o.s.b.w.embedded.tomcat.TomcatWebServer  : Tomcat started on port(s): 7070 (http) with context path ''
2022-01-19 15:38:48.679  INFO 10420 --- [restartedMain] f.killiandev.fuelapi.FuelapiApplication  : Started FuelapiApplication in 1.426 seconds (JVM running for 1.945)
2022-01-19 15:38:50.684  INFO 10420 --- [http-nio-7070-exec-1] o.a.c.c.C.[Tomcat].[localhost].[/]       : Initializing Spring DispatcherServlet 'dispatcherServlet'
2022-01-19 15:38:50.684  INFO 10420 --- [http-nio-7070-exec-1] o.s.web.servlet.DispatcherServlet        : Initializing Servlet 'dispatcherServlet'
2022-01-19 15:38:50.685  INFO 10420 --- [http-nio-7070-exec-1] o.s.web.servlet.DispatcherServlet        : Completed initialization in 1 ms
2022-01-19 15:38:50.701  INFO 10420 --- [http-nio-7070-exec-1] fr.killiandev.fuelapi.fuel.FuelService   : Send request with city: https://public.opendatasoft.com/api/records/1.0/search/?q=Muret&sort=update&rows=20&dataset=prix_des_carburants_j_7
2022-01-19 15:39:19.588  INFO 10420 --- [task-1] fr.killiandev.fuelapi.fuel.FuelService   : Send request with latitude/longitude/distance: https://public.opendatasoft.com/api/records/1.0/search/?q=Muret&geofilter.distance=43.4406829,1.2286827,10000&sort=update&rows=20&dataset=prix_des_carburants_j_7
2022-01-19 15:39:28.057  INFO 10420 --- [task-2] fr.killiandev.fuelapi.fuel.FuelService   : Send request with latitude/longitude/distance: https://public.opendatasoft.com/api/records/1.0/search/?q=Muret&geofilter.distance=43.4406829,1.2286827,20000&sort=update&rows=20&dataset=prix_des_carburants_j_7
2022-01-19 15:39:49.244  INFO 17020 --- [restartedMain] f.killiandev.fuelapi.FuelapiApplication  : Starting FuelapiApplication using Java 15.0.2 on DESKTOP-B48NQ6N with PID 17020 (E:\WorkSpace\FuelAPI\target\classes started by Killian in E:\WorkSpace\FuelAPI)
2022-01-19 15:39:49.245  INFO 17020 --- [restartedMain] f.killiandev.fuelapi.FuelapiApplication  : No active profile set, falling back to default profiles: default
2022-01-19 15:39:49.285  INFO 17020 --- [restartedMain] .e.DevToolsPropertyDefaultsPostProcessor : Devtools property defaults active! Set 'spring.devtools.add-properties' to 'false' to disable
2022-01-19 15:39:49.285  INFO 17020 --- [restartedMain] .e.DevToolsPropertyDefaultsPostProcessor : For additional web related logging consider setting the 'logging.level.web' property to 'DEBUG'
2022-01-19 15:39:49.895  INFO 17020 --- [restartedMain] o.s.b.w.embedded.tomcat.TomcatWebServer  : Tomcat initialized with port(s): 7070 (http)
2022-01-19 15:39:49.900  INFO 17020 --- [restartedMain] o.apache.catalina.core.StandardService   : Starting service [Tomcat]
2022-01-19 15:39:49.901  INFO 17020 --- [restartedMain] org.apache.catalina.core.StandardEngine  : Starting Servlet engine: [Apache Tomcat/9.0.56]
2022-01-19 15:39:49.939  INFO 17020 --- [restartedMain] o.a.c.c.C.[Tomcat].[localhost].[/]       : Initializing Spring embedded WebApplicationContext
2022-01-19 15:39:49.939  INFO 17020 --- [restartedMain] w.s.c.ServletWebServerApplicationContext : Root WebApplicationContext: initialization completed in 653 ms
2022-01-19 15:39:50.313  INFO 17020 --- [restartedMain] o.s.b.d.a.OptionalLiveReloadServer       : LiveReload server is running on port 35729
2022-01-19 15:39:50.330  INFO 17020 --- [restartedMain] o.s.b.w.embedded.tomcat.TomcatWebServer  : Tomcat started on port(s): 7070 (http) with context path ''
2022-01-19 15:39:50.340  INFO 17020 --- [restartedMain] f.killiandev.fuelapi.FuelapiApplication  : Started FuelapiApplication in 1.374 seconds (JVM running for 1.839)
2022-01-19 15:39:54.617  INFO 17020 --- [http-nio-7070-exec-1] o.a.c.c.C.[Tomcat].[localhost].[/]       : Initializing Spring DispatcherServlet 'dispatcherServlet'
2022-01-19 15:39:54.617  INFO 17020 --- [http-nio-7070-exec-1] o.s.web.servlet.DispatcherServlet        : Initializing Servlet 'dispatcherServlet'
2022-01-19 15:39:54.618  INFO 17020 --- [http-nio-7070-exec-1] o.s.web.servlet.DispatcherServlet        : Completed initialization in 1 ms
2022-01-19 15:39:54.637  INFO 17020 --- [task-1] fr.killiandev.fuelapi.fuel.FuelService   : Send request with latitude/longitude/distance: https://public.opendatasoft.com/api/records/1.0/search/?geofilter.distance=43.4406829,1.2286827,70000&sort=update&rows=20&dataset=prix_des_carburants_j_7
2022-01-19 15:40:48.526  INFO 17020 --- [restartedMain] f.killiandev.fuelapi.FuelapiApplication  : Starting FuelapiApplication using Java 15.0.2 on DESKTOP-B48NQ6N with PID 17020 (E:\WorkSpace\FuelAPI\target\classes started by Killian in E:\WorkSpace\FuelAPI)
2022-01-19 15:40:48.526  INFO 17020 --- [restartedMain] f.killiandev.fuelapi.FuelapiApplication  : No active profile set, falling back to default profiles: default
2022-01-19 15:40:48.643  INFO 17020 --- [restartedMain] o.s.b.w.embedded.tomcat.TomcatWebServer  : Tomcat initialized with port(s): 7070 (http)
2022-01-19 15:40:48.643  INFO 17020 --- [restartedMain] o.apache.catalina.core.StandardService   : Starting service [Tomcat]
2022-01-19 15:40:48.643  INFO 17020 --- [restartedMain] org.apache.catalina.core.StandardEngine  : Starting Servlet engine: [Apache Tomcat/9.0.56]
2022-01-19 15:40:48.656  INFO 17020 --- [restartedMain] o.a.c.c.C.[Tomcat].[localhost].[/]       : Initializing Spring embedded WebApplicationContext
2022-01-19 15:40:48.656  INFO 17020 --- [restartedMain] w.s.c.ServletWebServerApplicationContext : Root WebApplicationContext: initialization completed in 128 ms
2022-01-19 15:40:48.733  INFO 17020 --- [restartedMain] o.s.b.d.a.OptionalLiveReloadServer       : LiveReload server is running on port 35729
2022-01-19 15:40:48.738  INFO 17020 --- [restartedMain] o.s.b.w.embedded.tomcat.TomcatWebServer  : Tomcat started on port(s): 7070 (http) with context path ''
2022-01-19 15:40:48.740  INFO 17020 --- [restartedMain] f.killiandev.fuelapi.FuelapiApplication  : Started FuelapiApplication in 0.236 seconds (JVM running for 60.239)
2022-01-19 15:40:48.741  INFO 17020 --- [restartedMain] .ConditionEvaluationDeltaLoggingListener : Condition evaluation unchanged
2022-01-19 15:41:27.582  INFO 17020 --- [restartedMain] f.killiandev.fuelapi.FuelapiApplication  : Starting FuelapiApplication using Java 15.0.2 on DESKTOP-B48NQ6N with PID 17020 (E:\WorkSpace\FuelAPI\target\classes started by Killian in E:\WorkSpace\FuelAPI)
2022-01-19 15:41:27.582  INFO 17020 --- [restartedMain] f.killiandev.fuelapi.FuelapiApplication  : No active profile set, falling back to default profiles: default
2022-01-19 15:41:27.684  INFO 17020 --- [restartedMain] o.s.b.w.embedded.tomcat.TomcatWebServer  : Tomcat initialized with port(s): 7070 (http)
2022-01-19 15:41:27.685  INFO 17020 --- [restartedMain] o.apache.catalina.core.StandardService   : Starting service [Tomcat]
2022-01-19 15:41:27.685  INFO 17020 --- [restartedMain] org.apache.catalina.core.StandardEngine  : Starting Servlet engine: [Apache Tomcat/9.0.56]
2022-01-19 15:41:27.696  INFO 17020 --- [restartedMain] o.a.c.c.C.[Tomcat].[localhost].[/]       : Initializing Spring embedded WebApplicationContext
2022-01-19 15:41:27.696  INFO 17020 --- [restartedMain] w.s.c.ServletWebServerApplicationContext : Root WebApplicationContext: initialization completed in 112 ms
2022-01-19 15:41:27.770  INFO 17020 --- [restartedMain] o.s.b.d.a.OptionalLiveReloadServer       : LiveReload server is running on port 35729
2022-01-19 15:41:27.776  INFO 17020 --- [restartedMain] o.s.b.w.embedded.tomcat.TomcatWebServer  : Tomcat started on port(s): 7070 (http) with context path ''
2022-01-19 15:41:27.778  INFO 17020 --- [restartedMain] f.killiandev.fuelapi.FuelapiApplication  : Started FuelapiApplication in 0.214 seconds (JVM running for 99.277)
2022-01-19 15:41:27.779  INFO 17020 --- [restartedMain] .ConditionEvaluationDeltaLoggingListener : Condition evaluation unchanged
2022-01-19 15:52:17.658  INFO 9264 --- [main] f.k.fuelapi.FuelapiApplicationTests      : Starting FuelapiApplicationTests using Java 11.0.13 on DESKTOP-B48NQ6N with PID 9264 (started by Killian in E:\WorkSpace\FuelAPI)
2022-01-19 15:52:17.659  INFO 9264 --- [main] f.k.fuelapi.FuelapiApplicationTests      : No active profile set, falling back to default profiles: default
2022-01-19 15:52:19.249  INFO 9264 --- [main] f.k.fuelapi.FuelapiApplicationTests      : Started FuelapiApplicationTests in 1.879 seconds (JVM running for 2.736)
2022-01-19 15:52:30.949  INFO 14820 --- [restartedMain] f.killiandev.fuelapi.FuelapiApplication  : Starting FuelapiApplication using Java 11.0.13 on DESKTOP-B48NQ6N with PID 14820 (E:\WorkSpace\FuelAPI\target\classes started by Killian in E:\WorkSpace\FuelAPI)
2022-01-19 15:52:30.950  INFO 14820 --- [restartedMain] f.killiandev.fuelapi.FuelapiApplication  : No active profile set, falling back to default profiles: default
2022-01-19 15:52:31.072  INFO 14820 --- [restartedMain] .e.DevToolsPropertyDefaultsPostProcessor : Devtools property defaults active! Set 'spring.devtools.add-properties' to 'false' to disable
2022-01-19 15:52:31.072  INFO 14820 --- [restartedMain] .e.DevToolsPropertyDefaultsPostProcessor : For additional web related logging consider setting the 'logging.level.web' property to 'DEBUG'
2022-01-19 15:52:31.737  INFO 14820 --- [restartedMain] o.s.b.w.embedded.tomcat.TomcatWebServer  : Tomcat initialized with port(s): 7070 (http)
2022-01-19 15:52:31.743  INFO 14820 --- [restartedMain] o.apache.catalina.core.StandardService   : Starting service [Tomcat]
2022-01-19 15:52:31.743  INFO 14820 --- [restartedMain] org.apache.catalina.core.StandardEngine  : Starting Servlet engine: [Apache Tomcat/9.0.56]
2022-01-19 15:52:31.785  INFO 14820 --- [restartedMain] o.a.c.c.C.[Tomcat].[localhost].[/]       : Initializing Spring embedded WebApplicationContext
2022-01-19 15:52:31.785  INFO 14820 --- [restartedMain] w.s.c.ServletWebServerApplicationContext : Root WebApplicationContext: initialization completed in 713 ms
2022-01-19 15:52:32.152  INFO 14820 --- [restartedMain] o.s.b.d.a.OptionalLiveReloadServer       : LiveReload server is running on port 35729
2022-01-19 15:52:32.167  INFO 14820 --- [restartedMain] o.s.b.w.embedded.tomcat.TomcatWebServer  : Tomcat started on port(s): 7070 (http) with context path ''
2022-01-19 15:52:32.175  INFO 14820 --- [restartedMain] f.killiandev.fuelapi.FuelapiApplication  : Started FuelapiApplication in 1.534 seconds (JVM running for 2.153)
2022-01-19 15:52:49.685  INFO 15424 --- [restartedMain] f.killiandev.fuelapi.FuelapiApplication  : Starting FuelapiApplication using Java 11.0.13 on DESKTOP-B48NQ6N with PID 15424 (E:\WorkSpace\FuelAPI\target\classes started by Killian in E:\WorkSpace\FuelAPI)
2022-01-19 15:52:49.692  INFO 15424 --- [restartedMain] f.killiandev.fuelapi.FuelapiApplication  : No active profile set, falling back to default profiles: default
2022-01-19 15:52:49.750  INFO 15424 --- [restartedMain] .e.DevToolsPropertyDefaultsPostProcessor : Devtools property defaults active! Set 'spring.devtools.add-properties' to 'false' to disable
2022-01-19 15:52:49.750  INFO 15424 --- [restartedMain] .e.DevToolsPropertyDefaultsPostProcessor : For additional web related logging consider setting the 'logging.level.web' property to 'DEBUG'
2022-01-19 15:52:50.368  INFO 15424 --- [restartedMain] o.s.b.w.embedded.tomcat.TomcatWebServer  : Tomcat initialized with port(s): 7070 (http)
2022-01-19 15:52:50.374  INFO 15424 --- [restartedMain] o.apache.catalina.core.StandardService   : Starting service [Tomcat]
2022-01-19 15:52:50.374  INFO 15424 --- [restartedMain] org.apache.catalina.core.StandardEngine  : Starting Servlet engine: [Apache Tomcat/9.0.56]
2022-01-19 15:52:50.415  INFO 15424 --- [restartedMain] o.a.c.c.C.[Tomcat].[localhost].[/]       : Initializing Spring embedded WebApplicationContext
2022-01-19 15:52:50.416  INFO 15424 --- [restartedMain] w.s.c.ServletWebServerApplicationContext : Root WebApplicationContext: initialization completed in 665 ms
2022-01-19 15:52:50.791  INFO 15424 --- [restartedMain] o.s.b.d.a.OptionalLiveReloadServer       : LiveReload server is running on port 35729
2022-01-19 15:52:50.806  INFO 15424 --- [restartedMain] o.s.b.w.embedded.tomcat.TomcatWebServer  : Tomcat started on port(s): 7070 (http) with context path ''
2022-01-19 15:52:50.813  INFO 15424 --- [restartedMain] f.killiandev.fuelapi.FuelapiApplication  : Started FuelapiApplication in 1.464 seconds (JVM running for 2.092)
2022-01-19 15:53:03.601  INFO 15424 --- [restartedMain] f.killiandev.fuelapi.FuelapiApplication  : Starting FuelapiApplication using Java 11.0.13 on DESKTOP-B48NQ6N with PID 15424 (E:\WorkSpace\FuelAPI\target\classes started by Killian in E:\WorkSpace\FuelAPI)
2022-01-19 15:53:03.601  INFO 15424 --- [restartedMain] f.killiandev.fuelapi.FuelapiApplication  : No active profile set, falling back to default profiles: default
2022-01-19 15:53:03.757  INFO 15424 --- [restartedMain] o.s.b.w.embedded.tomcat.TomcatWebServer  : Tomcat initialized with port(s): 7070 (http)
2022-01-19 15:53:03.761  INFO 15424 --- [restartedMain] o.apache.catalina.core.StandardService   : Starting service [Tomcat]
2022-01-19 15:53:03.761  INFO 15424 --- [restartedMain] org.apache.catalina.core.StandardEngine  : Starting Servlet engine: [Apache Tomcat/9.0.56]
2022-01-19 15:53:03.797  INFO 15424 --- [restartedMain] o.a.c.c.C.[Tomcat].[localhost].[/]       : Initializing Spring embedded WebApplicationContext
2022-01-19 15:53:03.797  INFO 15424 --- [restartedMain] w.s.c.ServletWebServerApplicationContext : Root WebApplicationContext: initialization completed in 194 ms
2022-01-19 15:53:03.972  INFO 15424 --- [restartedMain] o.s.b.d.a.OptionalLiveReloadServer       : LiveReload server is running on port 35729
2022-01-19 15:53:03.980  INFO 15424 --- [restartedMain] o.s.b.w.embedded.tomcat.TomcatWebServer  : Tomcat started on port(s): 7070 (http) with context path ''
2022-01-19 15:53:03.989  INFO 15424 --- [restartedMain] f.killiandev.fuelapi.FuelapiApplication  : Started FuelapiApplication in 0.407 seconds (JVM running for 15.267)
2022-01-19 15:53:03.993  INFO 15424 --- [restartedMain] .ConditionEvaluationDeltaLoggingListener : Condition evaluation unchanged
2022-01-19 15:53:04.875  INFO 16692 --- [main] f.k.fuelapi.FuelapiApplicationTests      : Starting FuelapiApplicationTests using Java 11.0.13 on DESKTOP-B48NQ6N with PID 16692 (started by Killian in E:\WorkSpace\FuelAPI)
2022-01-19 15:53:04.876  INFO 16692 --- [main] f.k.fuelapi.FuelapiApplicationTests      : No active profile set, falling back to default profiles: default
2022-01-19 15:53:06.806  INFO 16692 --- [main] f.k.fuelapi.FuelapiApplicationTests      : Started FuelapiApplicationTests in 2.266 seconds (JVM running for 3.255)
